<?xml version="1.0" encoding="UTF-8"?>
<testsuite name="acme.transaction.infrastructure.api.FiscalDataCurrencyRatesTest" tests="4" skipped="0" failures="0" errors="0" timestamp="2025-06-06T14:39:19.670Z" hostname="MacBook-Pro-de-Marcelo.local" time="0.108">
  <properties/>
  <testcase name="shouldGetPreviousRate()" classname="acme.transaction.infrastructure.api.FiscalDataCurrencyRatesTest" time="0.106"/>
  <testcase name="shouldGetPreviousRateWhenRateIsOlderThanSixMonths()" classname="acme.transaction.infrastructure.api.FiscalDataCurrencyRatesTest" time="0.001"/>
  <testcase name="shouldNotReturnAnythingWhenThereIsNoRateForTheCurrency()" classname="acme.transaction.infrastructure.api.FiscalDataCurrencyRatesTest" time="0.001"/>
  <testcase name="shouldNotReturnAnythingWhenNoRateIsFound()" classname="acme.transaction.infrastructure.api.FiscalDataCurrencyRatesTest" time="0.0"/>
  <system-out><![CDATA[]]></system-out>
  <system-err><![CDATA[]]></system-err>
</testsuite>
