<?xml version="1.0" encoding="UTF-8"?>
<testsuite name="acme.transaction.core.ExchangeRateTest" tests="7" skipped="0" failures="0" errors="0" timestamp="2025-06-06T14:39:19.268Z" hostname="MacBook-Pro-de-Marcelo.local" time="0.012">
  <properties/>
  <testcase name="shouldCreateExchangeRate()" classname="acme.transaction.core.ExchangeRateTest" time="0.008"/>
  <testcase name="shouldRequireTheCurrencyDescription()" classname="acme.transaction.core.ExchangeRateTest" time="0.0"/>
  <testcase name="shouldRequireTheDate()" classname="acme.transaction.core.ExchangeRateTest" time="0.001"/>
  <testcase name="shouldRequireTheRate()" classname="acme.transaction.core.ExchangeRateTest" time="0.0"/>
  <testcase name="shouldRequireTheRateGreaterThanZero()" classname="acme.transaction.core.ExchangeRateTest" time="0.001"/>
  <testcase name="shouldRequireTheCurrencyCountry()" classname="acme.transaction.core.ExchangeRateTest" time="0.0"/>
  <testcase name="shouldRequireTheCurrencyName()" classname="acme.transaction.core.ExchangeRateTest" time="0.0"/>
  <system-out><![CDATA[]]></system-out>
  <system-err><![CDATA[]]></system-err>
</testsuite>
