<?xml version="1.0" encoding="UTF-8"?>
<testsuite name="acme.transaction.core.GetTransactionTest" tests="4" skipped="0" failures="0" errors="0" timestamp="2025-06-06T14:39:19.285Z" hostname="MacBook-Pro-de-Marcelo.local" time="0.381">
  <properties/>
  <testcase name="shouldConvertTransaction()" classname="acme.transaction.core.GetTransactionTest" time="0.378"/>
  <testcase name="shouldNotConvertTransactionWhenExchangeIsMoreThanSixMonthsOld()" classname="acme.transaction.core.GetTransactionTest" time="0.001"/>
  <testcase name="shouldNotConvertTransactionWhenExchangeIsNotFound()" classname="acme.transaction.core.GetTransactionTest" time="0.001"/>
  <testcase name="shouldNotConvertTransactionWhenTransactionIsNotFound()" classname="acme.transaction.core.GetTransactionTest" time="0.0"/>
  <system-out><![CDATA[]]></system-out>
  <system-err><![CDATA[WARNING: A Java agent has been loaded dynamically (/Users/marceloschmidt/.gradle/caches/modules-2/files-2.1/net.bytebuddy/byte-buddy-agent/1.17.5/58f9507f5f28d1d3e7adfb4ec2fe37c29d332c9b/byte-buddy-agent-1.17.5.jar)
WARNING: If a serviceability tool is in use, please run with -XX:+EnableDynamicAgentLoading to hide this warning
WARNING: If a serviceability tool is not in use, please run with -Djdk.instrument.traceUsage for more information
WARNING: Dynamic loading of agents will be disallowed by default in a future release
]]></system-err>
</testsuite>
